<?xml version="1.0" encoding="UTF-8"?>
<testsuite xmlns:xsi="http://www.w3.org/2001/XMLSchema-instance" xsi:noNamespaceSchemaLocation="https://maven.apache.org/surefire/maven-surefire-plugin/xsd/surefire-test-report-3.0.xsd" version="3.0" name="br.edu.pucrs.acmerent.controller.AcmeRentControllerTest" time="4.571" tests="7" errors="0" skipped="0" failures="0">
  <properties>
[...]
</properties>
  <testcase name="testCadastraLocacao" classname="br.edu.pucrs.acmerent.controller.AcmeRentControllerTest" time="0.445">
    <system-out><![CDATA[09:31:45.260 [main] INFO org.springframework.test.context.support.AnnotationConfigContextLoaderUtils -- Could not detect default configuration classes for test class [br.edu.pucrs.acmerent.controller.AcmeRentControllerTest]: AcmeRentControllerTest does not declare any static, non-private, non-final, nested classes annotated with @Configuration.
09:31:45.348 [main] INFO org.springframework.boot.test.context.SpringBootTestContextBootstrapper -- Found @SpringBootConfiguration br.edu.pucrs.acmerent.AcmeRentApplication for test class br.edu.pucrs.acmerent.controller.AcmeRentControllerTest

  .   ____          _            __ _ _
 /\\ / ___'_ __ _ _(_)_ __  __ _ \ \ \ \
( ( )\___ | '_ | '_| | '_ \/ _` | \ \ \ \
 \\/  ___)| |_)| | | | | || (_| |  ) ) ) )
  '  |____| .__|_| |_|_| |_\__, | / / / /
 =========|_|==============|___/=/_/_/_/
 :: Spring Boot ::                (v3.2.5)

2025-05-04T09:31:45.643-03:00  INFO 112836 --- [           main] b.e.p.a.c.AcmeRentControllerTest         : Starting AcmeRentControllerTest using Java 17.0.12 with PID 112836 (started by arthu in C:\Users\arthu\Documents\PUCRS\PROJARQ\ACMRent)
2025-05-04T09:31:45.644-03:00  INFO 112836 --- [           main] b.e.p.a.c.AcmeRentControllerTest         : No active profile set, falling back to 1 default profile: "default"
2025-05-04T09:31:46.186-03:00  INFO 112836 --- [           main] .s.d.r.c.RepositoryConfigurationDelegate : Bootstrapping Spring Data JPA repositories in DEFAULT mode.
2025-05-04T09:31:46.211-03:00  INFO 112836 --- [           main] .s.d.r.c.RepositoryConfigurationDelegate : Finished Spring Data repository scanning in 16 ms. Found 0 JPA repository interfaces.
2025-05-04T09:31:46.762-03:00  INFO 112836 --- [           main] com.zaxxer.hikari.HikariDataSource       : HikariPool-1 - Starting...
2025-05-04T09:31:46.994-03:00  INFO 112836 --- [           main] com.zaxxer.hikari.pool.HikariPool        : HikariPool-1 - Added connection conn0: url=jdbc:h2:mem:6d3f7eae-159e-4b17-b595-75cfcc66682d user=SA
2025-05-04T09:31:46.994-03:00  INFO 112836 --- [           main] com.zaxxer.hikari.HikariDataSource       : HikariPool-1 - Start completed.
2025-05-04T09:31:47.030-03:00  INFO 112836 --- [           main] o.hibernate.jpa.internal.util.LogHelper  : HHH000204: Processing PersistenceUnitInfo [name: default]
2025-05-04T09:31:47.072-03:00  INFO 112836 --- [           main] org.hibernate.Version                    : HHH000412: Hibernate ORM core version 6.4.4.Final
2025-05-04T09:31:47.097-03:00  INFO 112836 --- [           main] o.h.c.internal.RegionFactoryInitiator    : HHH000026: Second-level cache disabled
2025-05-04T09:31:47.322-03:00  INFO 112836 --- [           main] o.s.o.j.p.SpringPersistenceUnitInfo      : No LoadTimeWeaver setup: ignoring JPA class transformer
2025-05-04T09:31:48.056-03:00  INFO 112836 --- [           main] o.h.e.t.j.p.i.JtaPlatformInitiator       : HHH000489: No JTA platform available (set 'hibernate.transaction.jta.platform' to enable JTA platform integration)
2025-05-04T09:31:48.089-03:00  INFO 112836 --- [           main] j.LocalContainerEntityManagerFactoryBean : Initialized JPA EntityManagerFactory for persistence unit 'default'
2025-05-04T09:31:48.210-03:00  WARN 112836 --- [           main] JpaBaseConfiguration$JpaWebConfiguration : spring.jpa.open-in-view is enabled by default. Therefore, database queries may be performed during view rendering. Explicitly configure spring.jpa.open-in-view to disable this warning
2025-05-04T09:31:49.084-03:00  INFO 112836 --- [           main] o.s.b.t.m.w.SpringBootMockServletContext : Initializing Spring TestDispatcherServlet ''
2025-05-04T09:31:49.084-03:00  INFO 112836 --- [           main] o.s.t.web.servlet.TestDispatcherServlet  : Initializing Servlet ''
2025-05-04T09:31:49.087-03:00  INFO 112836 --- [           main] o.s.t.web.servlet.TestDispatcherServlet  : Completed initialization in 0 ms
2025-05-04T09:31:49.134-03:00  INFO 112836 --- [           main] b.e.p.a.c.AcmeRentControllerTest         : Started AcmeRentControllerTest in 3.66 seconds (process running for 4.305)
]]></system-out>
  </testcase>
  <testcase name="testConsultaCliente" classname="br.edu.pucrs.acmerent.controller.AcmeRentControllerTest" time="0.043"/>
  <testcase name="testAtualizaAutomovel" classname="br.edu.pucrs.acmerent.controller.AcmeRentControllerTest" time="0.013"/>
  <testcase name="testListaAutomoveis" classname="br.edu.pucrs.acmerent.controller.AcmeRentControllerTest" time="0.008"/>
  <testcase name="testListaClientes" classname="br.edu.pucrs.acmerent.controller.AcmeRentControllerTest" time="0.003"/>
  <testcase name="testValidaAutomovel" classname="br.edu.pucrs.acmerent.controller.AcmeRentControllerTest" time="0.003"/>
  <testcase name="testListaLocacoes" classname="br.edu.pucrs.acmerent.controller.AcmeRentControllerTest" time="0.02"/>
</testsuite>